<?xml version="1.0" encoding="UTF-8"?>
<testsuite name="SolutionTest" tests="1" skipped="0" failures="0" errors="0" timestamp="2022-04-01T00:35:42" hostname="siqius-MacBook-Pro.local" time="0.017">
  <properties/>
  <testcase name="Should_Return_Correct_Answers()" classname="SolutionTest" time="0.017"/>
  <system-out><![CDATA[]]></system-out>
  <system-err><![CDATA[]]></system-err>
</testsuite>
